2026-02-09 09:32:36,759 - run - INFO - ========== 开始执行运单号自动化处理 ==========
2026-02-09 09:32:37,539 - driver_utils - INFO - 启动Chrome（调试端口9222），等待5秒...
2026-02-09 09:32:43,087 - driver_utils - INFO - 成功连接Chrome实例
2026-02-09 10:52:00,974 - run - INFO - ========== 开始执行运单号自动化处理 ==========
2026-02-09 10:52:03,005 - driver_utils - INFO - 启动Chrome（调试端口9222），等待5秒...
2026-02-09 17:03:03,521 - run - INFO - ========== 开始执行运单号自动化处理 ==========
2026-02-09 17:03:03,758 - excel_utils - INFO - 成功读取Excel，共3个唯一运单号
2026-02-09 17:03:04,566 - driver_utils - INFO - 成功连接Chrome实例
2026-02-09 17:03:04,584 - ydh_page - INFO - 访问目标页面：http://yzwebpre.mamayz.com:8080/operation/newInStage
2026-02-09 17:03:07,753 - ydh_page - INFO - 输入货架号
2026-02-09 17:03:10,694 - run - INFO - 断开Chrome驱动连接
2026-02-09 17:08:52,119 - run - INFO - ========== 开始执行运单号自动化处理 ==========
2026-02-09 17:08:52,295 - excel_utils - INFO - 成功读取Excel，共3个唯一运单号
2026-02-09 17:08:52,998 - driver_utils - INFO - 成功连接Chrome实例
2026-02-09 17:08:53,018 - ydh_page - INFO - 已在目标页面，跳过访问
2026-02-09 17:08:53,019 - ydh_page - INFO - 输入货架号
2026-02-09 17:08:53,444 - ydh_page - INFO - 货架号输入完成
2026-02-09 17:08:53,444 - run - INFO - 
========== 处理第 1/3 个运单号 ==========
2026-02-09 17:08:53,444 - ydh_page - INFO - 处理运单号：YT111111111（手机号：14298859417）
2026-02-09 17:08:53,468 - base_page - INFO - 随机睡眠 1.26 秒
2026-02-09 17:08:54,765 - base_page - INFO - 随机睡眠 1.45 秒
2026-02-09 17:08:56,323 - base_page - INFO - 随机睡眠 1.10 秒
2026-02-09 17:08:57,421 - ydh_page - INFO - 运单号输入完成
2026-02-09 17:08:57,486 - base_page - INFO - 随机睡眠 0.83 秒
2026-02-09 17:08:58,344 - base_page - INFO - 随机睡眠 1.00 秒
2026-02-09 17:08:59,460 - base_page - INFO - 随机睡眠 0.79 秒
2026-02-09 17:09:00,249 - ydh_page - INFO - 手机号输入完成
2026-02-09 17:09:01,250 - run - INFO - 
========== 处理第 2/3 个运单号 ==========
2026-02-09 17:09:01,250 - ydh_page - INFO - 处理运单号：YT1111111112（手机号：14239065179）
2026-02-09 17:09:01,301 - base_page - INFO - 随机睡眠 1.47 秒
2026-02-09 17:09:02,844 - base_page - INFO - 随机睡眠 0.87 秒
2026-02-09 17:09:04,111 - base_page - INFO - 随机睡眠 0.95 秒
2026-02-09 17:09:05,065 - ydh_page - INFO - 运单号输入完成
2026-02-09 17:09:05,113 - base_page - INFO - 随机睡眠 1.04 秒
2026-02-09 17:09:06,201 - base_page - INFO - 随机睡眠 0.92 秒
2026-02-09 17:09:06,948 - run - INFO - 断开Chrome驱动连接
2026-02-09 17:09:06,950 - urllib3.connectionpool - WARNING - Retrying (Retry(total=2, connect=None, read=None, redirect=None, status=None)) after connection broken by 'ConnectionResetError(10054, '远程主机强迫关闭了一个现有的连接。', None, 10054, None)': /session/a46f2f3eb76d58fa26b65aa9957fc2af
2026-02-09 17:09:57,670 - run - INFO - ========== 开始执行运单号自动化处理 ==========
2026-02-09 17:09:57,850 - excel_utils - INFO - 成功读取Excel，共79个唯一运单号
2026-02-09 17:09:58,614 - driver_utils - INFO - 成功连接Chrome实例
2026-02-09 17:09:58,628 - ydh_page - INFO - 已在目标页面，跳过访问
2026-02-09 17:09:58,628 - ydh_page - INFO - 输入货架号
2026-02-09 17:09:59,097 - ydh_page - INFO - 货架号输入完成
2026-02-09 17:09:59,097 - run - INFO - 
========== 处理第 1/79 个运单号 ==========
2026-02-09 17:09:59,097 - ydh_page - INFO - 处理运单号：111111111（手机号：14244048279）
2026-02-09 17:09:59,122 - base_page - INFO - 随机睡眠 1.14 秒
2026-02-09 17:10:00,285 - base_page - INFO - 随机睡眠 1.47 秒
2026-02-09 17:10:01,881 - base_page - INFO - 随机睡眠 0.91 秒
2026-02-09 17:10:02,795 - ydh_page - INFO - 运单号输入完成
2026-02-09 17:10:02,847 - base_page - INFO - 随机睡眠 1.09 秒
2026-02-09 17:10:03,995 - base_page - INFO - 随机睡眠 1.22 秒
2026-02-09 17:10:05,331 - base_page - INFO - 随机睡眠 1.38 秒
2026-02-09 17:10:06,714 - ydh_page - INFO - 手机号输入完成
2026-02-09 17:10:07,715 - run - INFO - 
========== 处理第 2/79 个运单号 ==========
2026-02-09 17:10:07,715 - ydh_page - INFO - 处理运单号：111111112（手机号：14238557154）
2026-02-09 17:10:07,752 - base_page - INFO - 随机睡眠 1.19 秒
2026-02-09 17:10:08,973 - base_page - INFO - 随机睡眠 1.02 秒
2026-02-09 17:10:10,223 - base_page - INFO - 随机睡眠 0.86 秒
2026-02-09 17:10:11,088 - ydh_page - INFO - 运单号输入完成
2026-02-09 17:10:11,122 - base_page - INFO - 随机睡眠 1.35 秒
2026-02-09 17:10:11,358 - run - INFO - 断开Chrome驱动连接
2026-02-09 17:10:11,367 - urllib3.connectionpool - WARNING - Retrying (Retry(total=2, connect=None, read=None, redirect=None, status=None)) after connection broken by 'ConnectionResetError(10054, '远程主机强迫关闭了一个现有的连接。', None, 10054, None)': /session/a49dcdb33fb7c7af62f3616b1021304f
2026-02-09 17:11:17,970 - run - INFO - ========== 开始执行运单号自动化处理 ==========
2026-02-09 17:11:18,152 - excel_utils - INFO - 成功读取Excel，共79个唯一运单号
2026-02-09 17:11:18,870 - driver_utils - INFO - 成功连接Chrome实例
2026-02-09 17:11:18,888 - ydh_page - INFO - 已在目标页面，跳过访问
2026-02-09 17:11:18,888 - ydh_page - INFO - 输入货架号
2026-02-09 17:11:19,379 - ydh_page - INFO - 货架号输入完成
2026-02-09 17:11:19,381 - run - INFO - 
========== 处理第 1/79 个运单号 ==========
2026-02-09 17:11:19,381 - ydh_page - INFO - 处理运单号：YT111111111（手机号：14222621645）
2026-02-09 17:11:19,410 - base_page - INFO - 随机睡眠 1.37 秒
2026-02-09 17:11:20,825 - base_page - INFO - 随机睡眠 0.83 秒
2026-02-09 17:11:21,772 - base_page - INFO - 随机睡眠 0.65 秒
2026-02-09 17:11:22,422 - ydh_page - INFO - 运单号输入完成
2026-02-09 17:11:22,474 - base_page - INFO - 随机睡眠 0.80 秒
2026-02-09 17:11:23,326 - base_page - INFO - 随机睡眠 1.18 秒
2026-02-09 17:11:24,629 - base_page - INFO - 随机睡眠 0.65 秒
2026-02-09 17:11:25,278 - ydh_page - INFO - 手机号输入完成
2026-02-09 17:11:26,278 - run - INFO - 
========== 处理第 2/79 个运单号 ==========
2026-02-09 17:11:26,279 - ydh_page - INFO - 处理运单号：YT111111112（手机号：14261401477）
2026-02-09 17:11:26,318 - base_page - INFO - 随机睡眠 1.37 秒
2026-02-09 17:11:27,733 - base_page - INFO - 随机睡眠 0.87 秒
2026-02-09 17:11:28,724 - base_page - INFO - 随机睡眠 0.52 秒
2026-02-09 17:11:29,241 - ydh_page - INFO - 运单号输入完成
2026-02-09 17:11:29,282 - base_page - INFO - 随机睡眠 0.70 秒
2026-02-09 17:11:30,064 - base_page - INFO - 随机睡眠 1.03 秒
2026-02-09 17:11:31,208 - base_page - INFO - 随机睡眠 1.26 秒
2026-02-09 17:11:32,469 - ydh_page - INFO - 手机号输入完成
2026-02-09 17:11:33,470 - run - INFO - 
========== 处理第 3/79 个运单号 ==========
2026-02-09 17:11:33,470 - ydh_page - INFO - 处理运单号：YT111111113（手机号：14246707209）
2026-02-09 17:11:33,507 - base_page - INFO - 随机睡眠 0.99 秒
2026-02-09 17:11:34,549 - base_page - INFO - 随机睡眠 1.00 秒
2026-02-09 17:11:35,658 - base_page - INFO - 随机睡眠 0.57 秒
2026-02-09 17:11:36,229 - ydh_page - INFO - 运单号输入完成
2026-02-09 17:11:36,282 - base_page - INFO - 随机睡眠 0.76 秒
2026-02-09 17:11:37,102 - base_page - INFO - 随机睡眠 1.23 秒
2026-02-09 17:11:38,449 - base_page - INFO - 随机睡眠 0.59 秒
2026-02-09 17:11:39,040 - ydh_page - INFO - 手机号输入完成
2026-02-09 17:11:40,042 - run - INFO - 
========== 处理第 4/79 个运单号 ==========
2026-02-09 17:11:40,042 - ydh_page - INFO - 处理运单号：YT111111114（手机号：14292691288）
2026-02-09 17:11:40,083 - base_page - INFO - 随机睡眠 1.12 秒
2026-02-09 17:11:41,249 - base_page - INFO - 随机睡眠 0.82 秒
2026-02-09 17:11:42,199 - base_page - INFO - 随机睡眠 1.16 秒
2026-02-09 17:11:43,364 - ydh_page - INFO - 运单号输入完成
2026-02-09 17:11:43,405 - base_page - INFO - 随机睡眠 1.11 秒
2026-02-09 17:11:44,557 - base_page - INFO - 随机睡眠 0.90 秒
2026-02-09 17:11:45,546 - base_page - INFO - 随机睡眠 0.66 秒
2026-02-09 17:11:46,208 - ydh_page - INFO - 手机号输入完成
2026-02-09 17:11:47,208 - run - INFO - 
========== 处理第 5/79 个运单号 ==========
2026-02-09 17:11:47,209 - ydh_page - INFO - 处理运单号：YT111111115（手机号：14288789360）
2026-02-09 17:11:47,264 - base_page - INFO - 随机睡眠 1.22 秒
2026-02-09 17:11:48,544 - base_page - INFO - 随机睡眠 1.14 秒
2026-02-09 17:11:49,788 - base_page - INFO - 随机睡眠 1.19 秒
2026-02-09 17:11:50,978 - ydh_page - INFO - 运单号输入完成
2026-02-09 17:11:51,042 - base_page - INFO - 随机睡眠 1.11 秒
2026-02-09 17:11:52,197 - base_page - INFO - 随机睡眠 0.64 秒
2026-02-09 17:11:52,955 - base_page - INFO - 随机睡眠 1.39 秒
2026-02-09 17:11:54,350 - ydh_page - INFO - 手机号输入完成
2026-02-09 17:11:55,351 - run - INFO - 
========== 处理第 6/79 个运单号 ==========
2026-02-09 17:11:55,351 - ydh_page - INFO - 处理运单号：YT111111116（手机号：14264745896）
2026-02-09 17:11:55,392 - base_page - INFO - 随机睡眠 1.06 秒
2026-02-09 17:11:56,475 - run - INFO - 断开Chrome驱动连接
2026-02-09 17:13:36,369 - run - WARNING - 程序已过期（截止日期：2026年3月1日），停止执行
2026-02-09 17:14:36,457 - run - INFO - 当前日期：2026-02-09，程序截止日期：2026-02-01
2026-02-09 17:14:36,457 - run - WARNING - 程序已过期，停止执行
